<?xml version="1.0" encoding="UTF-8"?>
<!-- Generated by org.testng.reporters.JUnitReportReporter -->
<testsuite hostname="SSPL-LP-DNS-0204" name="api.automation.google.MapPlaceFindTest" tests="2" failures="0" timestamp="2 Jan 2020 12:26:34 GMT" time="3.372" errors="0">
  <testcase name="findPlace" time="2.741" classname="api.automation.google.MapPlaceFindTest"/>
  <testcase name="addPlace" time="0.631" classname="api.automation.google.MapPlaceFindTest"/>
</testsuite> <!-- api.automation.google.MapPlaceFindTest -->
